c:\users\student\desktop\onsetdetectionrefinement\onsetdetectionrefinement\debug\vc120.pdb
c:\users\student\desktop\onsetdetectionrefinement\onsetdetectionrefinement\debug\vc120.idb
c:\users\student\desktop\onsetdetectionrefinement\onsetdetectionrefinement\debug\beatdetector.obj
c:\users\student\desktop\onsetdetectionrefinement\onsetdetectionrefinement\debug\bullet.obj
c:\users\student\desktop\onsetdetectionrefinement\onsetdetectionrefinement\debug\collision.obj
c:\users\student\desktop\onsetdetectionrefinement\onsetdetectionrefinement\debug\contentmanager.obj
c:\users\student\desktop\onsetdetectionrefinement\onsetdetectionrefinement\debug\game.obj
c:\users\student\desktop\onsetdetectionrefinement\onsetdetectionrefinement\debug\gate.obj
c:\users\student\desktop\onsetdetectionrefinement\onsetdetectionrefinement\debug\gatemanager.obj
c:\users\student\desktop\onsetdetectionrefinement\onsetdetectionrefinement\debug\inputhandler.obj
c:\users\student\desktop\onsetdetectionrefinement\onsetdetectionrefinement\debug\largegateobject.obj
c:\users\student\desktop\onsetdetectionrefinement\onsetdetectionrefinement\debug\main.obj
c:\users\student\desktop\onsetdetectionrefinement\onsetdetectionrefinement\debug\menu.obj
c:\users\student\desktop\onsetdetectionrefinement\onsetdetectionrefinement\debug\player.obj
c:\users\student\desktop\onsetdetectionrefinement\onsetdetectionrefinement\debug\scenemanager.obj
c:\users\student\desktop\onsetdetectionrefinement\onsetdetectionrefinement\debug\text.obj
c:\users\student\desktop\onsetdetectionrefinement\onsetdetectionrefinement\debug\texture.obj
c:\users\student\desktop\onsetdetectionrefinement\onsetdetectionrefinement\debug\timestamp.obj
c:\users\student\desktop\onsetdetectionrefinement\onsetdetectionrefinement\debug\turret.obj
c:\users\student\desktop\onsetdetectionrefinement\onsetdetectionrefinement\debug\enemy.obj
c:\users\student\desktop\onsetdetectionrefinement\onsetdetectionrefinement\debug\enemymanager.obj
c:\users\student\desktop\onsetdetectionrefinement\onsetdetectionrefinement\debug\texturemanager.obj
c:\users\student\desktop\onsetdetectionrefinement\onsetdetectionrefinement\debug\textrenderer.obj
c:\users\student\desktop\onsetdetectionrefinement\debug\onsetdetectionrefinement.ilk
c:\users\student\desktop\onsetdetectionrefinement\debug\onsetdetectionrefinement.exe
c:\users\student\desktop\onsetdetectionrefinement\debug\onsetdetectionrefinement.pdb
c:\users\student\desktop\onsetdetectionrefinement\onsetdetectionrefinement\debug\onsetdetectionrefinement.res
c:\users\student\desktop\onsetdetectionrefinement\onsetdetectionrefinement\debug\onsetdet.2dff1ac4.tlog\cl.command.1.tlog
c:\users\student\desktop\onsetdetectionrefinement\onsetdetectionrefinement\debug\onsetdet.2dff1ac4.tlog\cl.read.1.tlog
c:\users\student\desktop\onsetdetectionrefinement\onsetdetectionrefinement\debug\onsetdet.2dff1ac4.tlog\cl.write.1.tlog
c:\users\student\desktop\onsetdetectionrefinement\onsetdetectionrefinement\debug\onsetdet.2dff1ac4.tlog\link.command.1.tlog
c:\users\student\desktop\onsetdetectionrefinement\onsetdetectionrefinement\debug\onsetdet.2dff1ac4.tlog\link.read.1.tlog
c:\users\student\desktop\onsetdetectionrefinement\onsetdetectionrefinement\debug\onsetdet.2dff1ac4.tlog\link.write.1.tlog
c:\users\student\desktop\onsetdetectionrefinement\onsetdetectionrefinement\debug\onsetdet.2dff1ac4.tlog\rc.command.1.tlog
c:\users\student\desktop\onsetdetectionrefinement\onsetdetectionrefinement\debug\onsetdet.2dff1ac4.tlog\rc.read.1.tlog
c:\users\student\desktop\onsetdetectionrefinement\onsetdetectionrefinement\debug\onsetdet.2dff1ac4.tlog\rc.write.1.tlog
