Build started 2/23/2015 2:23:30 PM.
     1>Project "C:\Users\student\Desktop\OnsetDetectionRefinement\OnsetDetectionRefinement\OnsetDetectionRefinement.vcxproj" on node 2 (Build target(s)).
     1>ClCompile:
         C:\Program Files (x86)\Microsoft Visual Studio 12.0\VC\bin\CL.exe /c /I..\FMOD\inc /I"..\SDL2-devel-2.0.3-VC\SDL2_ttf-devel-2.0.12-VC\SDL2_ttf-2.0.12\include" /I"..\SDL2-devel-2.0.3-VC\SDL2_image-devel-2.0.0-VC\SDL2_image-2.0.0\include" /I"..\SDL2-devel-2.0.3-VC\SDL2-2.0.3\include" /ZI /nologo /W3 /WX- /sdl /Od /Oy- /D _MBCS /Gm /EHsc /RTC1 /MDd /GS /fp:precise /Zc:wchar_t /Zc:forScope /Fo"Debug\\" /Fd"Debug\vc120.pdb" /Gd /TP /analyze- /errorReport:prompt EnemyManager.cpp Menu.cpp
         Menu.cpp
         EnemyManager.cpp
     1>c:\users\student\desktop\onsetdetectionrefinement\onsetdetectionrefinement\enemymanager.cpp(31): warning C4018: '>' : signed/unsigned mismatch
     1>c:\users\student\desktop\onsetdetectionrefinement\onsetdetectionrefinement\enemymanager.cpp(65): warning C4244: '=' : conversion from 'float' to 'int', possible loss of data
     1>c:\users\student\desktop\onsetdetectionrefinement\onsetdetectionrefinement\enemymanager.cpp(66): warning C4244: '=' : conversion from 'float' to 'int', possible loss of data
     1>c:\users\student\desktop\onsetdetectionrefinement\onsetdetectionrefinement\enemymanager.cpp(122): warning C4244: 'argument' : conversion from 'int' to 'float', possible loss of data
         Generating Code...
       Link:
         C:\Program Files (x86)\Microsoft Visual Studio 12.0\VC\bin\link.exe /ERRORREPORT:PROMPT /OUT:"C:\Users\student\Desktop\OnsetDetectionRefinement\Debug\OnsetDetectionRefinement.exe" /INCREMENTAL /NOLOGO /LIBPATH:..\FMOD\lib /LIBPATH:"..\SDL2-devel-2.0.3-VC\SDL2_ttf-devel-2.0.12-VC\SDL2_ttf-2.0.12\lib\x86" /LIBPATH:"..\SDL2-devel-2.0.3-VC\SDL2_image-devel-2.0.0-VC\SDL2_image-2.0.0\lib\x86" /LIBPATH:"..\SDL2-devel-2.0.3-VC\SDL2-2.0.3\lib\x86" fmodex_vc.lib SDL2.lib SDL2main.lib SDL2_image.lib SDL2_ttf.lib kernel32.lib user32.lib gdi32.lib winspool.lib comdlg32.lib advapi32.lib shell32.lib ole32.lib oleaut32.lib uuid.lib odbc32.lib odbccp32.lib /MANIFEST /MANIFESTUAC:"level='asInvoker' uiAccess='false'" /manifest:embed /DEBUG /PDB:"C:\Users\student\Desktop\OnsetDetectionRefinement\Debug\OnsetDetectionRefinement.pdb" /SUBSYSTEM:CONSOLE /TLBID:1 /DYNAMICBASE /NXCOMPAT /IMPLIB:"C:\Users\student\Desktop\OnsetDetectionRefinement\Debug\OnsetDetectionRefinement.lib" /MACHINE:X86 Debug\OnsetDetectionRefinement.res
         Debug\BeatDetector.obj
         Debug\Bullet.obj
         Debug\Collision.obj
         Debug\ContentManager.obj
         Debug\Enemy.obj
         Debug\EnemyManager.obj
         Debug\Game.obj
         Debug\Gate.obj
         Debug\GateManager.obj
         Debug\InputHandler.obj
         Debug\LargeGateObject.obj
         Debug\main.obj
         Debug\Menu.obj
         Debug\Player.obj
         Debug\SceneManager.obj
         Debug\Text.obj
         Debug\Texture.obj
         Debug\TextRenderer.obj
         Debug\TimeStamp.obj
         Debug\Turret.obj
         OnsetDetectionRefinement.vcxproj -> C:\Users\student\Desktop\OnsetDetectionRefinement\Debug\OnsetDetectionRefinement.exe
     1>Done Building Project "C:\Users\student\Desktop\OnsetDetectionRefinement\OnsetDetectionRefinement\OnsetDetectionRefinement.vcxproj" (Build target(s)).

Build succeeded.

Time Elapsed 00:00:01.55
